<?xml version="1.0" encoding="UTF-8"?>
<!-- Generated by org.testng.reporters.JUnitReportReporter -->
<testsuite hostname="112862e6fd56" failures="0" tests="2" name="docker.learning.tests.HelloActions" time="0.000" errors="0" timestamp="2021-02-20T17:45:43 UTC" skipped="2">
  <testcase classname="docker.learning.tests.HelloActions" name="test" time="0.000">
    <skipped/>
  </testcase> <!-- test -->
  <system-out/>
  <testcase classname="docker.learning.tests.HelloActions" name="testFrames">
    <skipped/>
  </testcase> <!-- testFrames -->
  <system-out/>
</testsuite> <!-- docker.learning.tests.HelloActions -->
